2021-04-10 09:01:51,971 - PacketSniffer - INFO - ATTENTION PLEASE: Packet Sniffer not started as root. Running sudo...
2021-04-10 09:03:14,705 - PacketSniffer - INFO - ATTENTION PLEASE: Packet Sniffer not started as root. Running sudo...
2021-04-10 09:04:41,045 - PacketSniffer - INFO - ATTENTION PLEASE: Packet Sniffer not started as root. Running sudo...
2021-04-10 09:05:01,112 - PacketSniffer - INFO - ATTENTION PLEASE: Packet Sniffer not started as root. Running sudo...
2021-04-10 09:05:10,563 - PacketSniffer - INFO - ATTENTION PLEASE: Packet Sniffer not started as root. Running sudo...
2021-04-10 09:05:20,954 - PacketSniffer - INFO - ATTENTION PLEASE: Packet Sniffer not started as root. Running sudo...
2021-04-10 09:06:46,089 - PacketSniffer - INFO - ATTENTION PLEASE: Packet Sniffer not started as root. Running sudo...
2021-04-10 09:07:09,793 - PacketSniffer - INFO - ATTENTION PLEASE: Packet Sniffer not started as root. Running sudo...
2021-04-10 09:07:15,658 - PacketSniffer - INFO - ATTENTION PLEASE: Packet Sniffer not started as root. Running sudo...
2021-04-10 09:07:31,187 - PacketSniffer - INFO - ATTENTION PLEASE: Packet Sniffer not started as root. Running sudo...
2021-04-10 09:08:19,022 - PacketSniffer - INFO - ATTENTION PLEASE: Packet Sniffer not started as root. Running sudo...
2021-04-10 09:08:21,279 - PacketSniffer - INFO - Packet Sniffer running as root!
2021-04-10 09:36:36,246 - PacketSniffer - INFO - ATTENTION PLEASE: Packet Sniffer not started as root. Running sudo...
2021-04-10 09:36:40,840 - PacketSniffer - INFO - Packet Sniffer running as root!
2021-04-10 09:38:05,808 - PacketSniffer - INFO - ATTENTION PLEASE: Packet Sniffer not started as root. Running sudo...
2021-04-10 09:38:05,880 - PacketSniffer - INFO - Packet Sniffer running as root!
2021-04-10 10:01:01,650 - PacketSniffer - INFO - ATTENTION PLEASE: Packet Sniffer not started as root. Running sudo...
2021-04-10 10:01:15,412 - PacketSniffer - INFO - Packet Sniffer running as root!
2021-04-10 10:48:00,425 - PacketSniffer - INFO - ATTENTION PLEASE: Packet Sniffer not started as root. Running sudo...
2021-04-10 10:48:03,078 - PacketSniffer - INFO - Packet Sniffer running as root!
2021-04-10 10:50:05,704 - PacketSniffer - INFO - ATTENTION PLEASE: Packet Sniffer not started as root. Running sudo...
2021-04-10 10:50:05,774 - PacketSniffer - INFO - Packet Sniffer running as root!
2021-04-10 11:10:07,570 - PacketSniffer - INFO - ATTENTION PLEASE: Packet Sniffer not started as root. Running sudo...
2021-04-10 11:10:11,621 - PacketSniffer - INFO - Packet Sniffer running as root!
2021-04-10 11:11:05,451 - PacketSniffer - INFO - IP Packet : 20, TCP Packet : 20, UDP Packet : 0
2021-04-10 11:53:14,233 - PacketSniffer - INFO - ATTENTION PLEASE: Packet Sniffer not started as root. Running sudo...
2021-04-10 11:53:17,879 - PacketSniffer - INFO - Packet Sniffer running as root!
2021-04-10 11:54:54,854 - PacketSniffer - INFO - ATTENTION PLEASE: Packet Sniffer not started as root. Running sudo...
2021-04-10 11:54:54,933 - PacketSniffer - INFO - Packet Sniffer running as root!
2021-04-10 11:55:03,534 - PacketSniffer - INFO - IP Packet : 20, TCP Packet : 20, UDP Packet : 0
2021-04-10 11:56:53,407 - PacketSniffer - INFO - ATTENTION PLEASE: Packet Sniffer not started as root. Running sudo...
2021-04-10 11:56:53,502 - PacketSniffer - INFO - Packet Sniffer running as root!
2021-04-10 11:57:16,654 - PacketSniffer - INFO - IP Packet : 20, TCP Packet : 20, UDP Packet : 0
2021-04-10 12:01:17,017 - PacketSniffer - INFO - ATTENTION PLEASE: Packet Sniffer not started as root. Running sudo...
2021-04-10 12:01:17,091 - PacketSniffer - INFO - Packet Sniffer running as root!
2021-04-10 12:02:12,617 - PacketSniffer - INFO - ATTENTION PLEASE: Packet Sniffer not started as root. Running sudo...
2021-04-10 12:02:12,682 - PacketSniffer - INFO - Packet Sniffer running as root!
2021-04-10 12:02:25,643 - PacketSniffer - INFO - IP Packet : 20, TCP Packet : 20, UDP Packet : 0
2021-04-10 12:05:16,235 - PacketSniffer - INFO - ATTENTION PLEASE: Packet Sniffer not started as root. Running sudo...
2021-04-10 12:05:16,304 - PacketSniffer - INFO - Packet Sniffer running as root!
2021-04-10 12:05:26,038 - PacketSniffer - INFO - IP Packet : 20, TCP Packet : 20, UDP Packet : 0
2021-04-10 12:07:35,591 - PacketSniffer - INFO - ATTENTION PLEASE: Packet Sniffer not started as root. Running sudo...
2021-04-10 12:07:35,659 - PacketSniffer - INFO - Packet Sniffer running as root!
2021-04-10 12:08:03,325 - PacketSniffer - INFO - ATTENTION PLEASE: Packet Sniffer not started as root. Running sudo...
2021-04-10 12:08:03,394 - PacketSniffer - INFO - Packet Sniffer running as root!
2021-04-10 12:08:17,238 - PacketSniffer - INFO - IP Packet : 100, TCP Packet : 100, UDP Packet : 0
2021-04-10 12:12:46,700 - PacketSniffer - INFO - ATTENTION PLEASE: Packet Sniffer not started as root. Running sudo...
2021-04-10 12:12:46,767 - PacketSniffer - INFO - Packet Sniffer running as root!
2021-04-10 12:13:04,273 - PacketSniffer - INFO - IP Packet : 100, TCP Packet : 100, UDP Packet : 0
2021-04-10 12:25:33,748 - PacketSniffer - INFO - ATTENTION PLEASE: Packet Sniffer not started as root. Running sudo...
2021-04-10 12:25:33,820 - PacketSniffer - INFO - Packet Sniffer running as root!
2021-04-10 12:25:45,556 - PacketSniffer - INFO - IP Packet : 100, TCP Packet : 100, UDP Packet : 0
2021-04-10 13:01:04,079 - PacketSniffer - INFO - ATTENTION PLEASE: Packet Sniffer not started as root. Running sudo...
2021-04-10 13:01:06,479 - PacketSniffer - INFO - Packet Sniffer running as root!
2021-04-10 13:01:36,346 - PacketSniffer - INFO - IP Packet : 100, TCP Packet : 100, UDP Packet : 0
2021-04-10 13:03:26,557 - PacketSniffer - INFO - ATTENTION PLEASE: Packet Sniffer not started as root. Running sudo...
2021-04-10 13:03:26,631 - PacketSniffer - INFO - Packet Sniffer running as root!
2021-04-10 13:03:33,694 - PacketSniffer - INFO - IP Packet : 10, TCP Packet : 10, UDP Packet : 0
2021-04-10 13:04:34,217 - PacketSniffer - INFO - ATTENTION PLEASE: Packet Sniffer not started as root. Running sudo...
2021-04-10 13:04:34,286 - PacketSniffer - INFO - Packet Sniffer running as root!
2021-04-10 13:04:51,287 - PacketSniffer - INFO - IP Packet : 10, TCP Packet : 0, UDP Packet : 10
2021-04-10 13:38:54,252 - PacketSniffer - INFO - ATTENTION PLEASE: Packet Sniffer not started as root. Running sudo...
2021-04-10 13:38:57,091 - PacketSniffer - INFO - Packet Sniffer running as root!
2021-04-10 13:39:03,210 - PacketSniffer - INFO - IP Packet : 10, TCP Packet : 0, UDP Packet : 10
2021-04-10 14:13:28,222 - PacketSniffer - INFO - ATTENTION PLEASE: Packet Sniffer not started as root. Running sudo...
2021-04-10 14:13:30,409 - PacketSniffer - INFO - Packet Sniffer running as root!
2021-04-10 14:13:42,310 - PacketSniffer - INFO - Finish sniffing...
2021-04-10 14:13:42,310 - PacketSniffer - INFO - Statistics: IP Packet : 10, TCP Packet : 0, UDP Packet : 10
2021-04-10 14:40:17,509 - PacketSniffer - INFO - ATTENTION PLEASE: Packet Sniffer not started as root. Running sudo...
2021-04-10 14:40:20,786 - PacketSniffer - INFO - Packet Sniffer running as root!
2021-04-10 14:41:05,765 - PacketSniffer - INFO - ATTENTION PLEASE: Packet Sniffer not started as root. Running sudo...
2021-04-10 14:41:07,345 - PacketSniffer - INFO - Packet Sniffer running as root!
2021-04-10 14:41:32,528 - PacketSniffer - INFO - ATTENTION PLEASE: Packet Sniffer not started as root. Running sudo...
2021-04-10 14:41:32,597 - PacketSniffer - INFO - Packet Sniffer running as root!
2021-04-10 14:43:57,337 - PacketSniffer - INFO - ATTENTION PLEASE: Packet Sniffer not started as root. Running sudo...
2021-04-10 14:43:57,413 - PacketSniffer - INFO - Packet Sniffer running as root!
2021-04-10 14:47:40,019 - PacketSniffer - INFO - ATTENTION PLEASE: Packet Sniffer not started as root. Running sudo...
2021-04-10 14:47:40,095 - PacketSniffer - INFO - Packet Sniffer running as root!
2021-04-10 14:47:43,879 - PacketSniffer - INFO - Finish sniffing...
2021-04-10 14:47:43,879 - PacketSniffer - INFO - Statistics: IP Packet : 0, TCP Packet : 0, UDP Packet : 0
2021-04-10 14:49:30,724 - PacketSniffer - INFO - ATTENTION PLEASE: Packet Sniffer not started as root. Running sudo...
2021-04-10 14:49:30,799 - PacketSniffer - INFO - Packet Sniffer running as root!
2021-04-10 14:49:44,397 - PacketSniffer - INFO - Finish sniffing...
2021-04-10 14:49:44,397 - PacketSniffer - INFO - Statistics: IP Packet : 1, TCP Packet : 0, UDP Packet : 1
2021-04-10 14:51:44,644 - PacketSniffer - INFO - ATTENTION PLEASE: Packet Sniffer not started as root. Running sudo...
2021-04-10 14:51:44,715 - PacketSniffer - INFO - Packet Sniffer running as root!
2021-04-10 14:51:48,100 - PacketSniffer - INFO - Finish sniffing...
2021-04-10 14:51:48,100 - PacketSniffer - INFO - Statistics: IP Packet : 0, TCP Packet : 0, UDP Packet : 0
2021-04-10 14:52:22,558 - PacketSniffer - INFO - ATTENTION PLEASE: Packet Sniffer not started as root. Running sudo...
2021-04-10 14:52:22,630 - PacketSniffer - INFO - Packet Sniffer running as root!
2021-04-10 14:52:33,562 - PacketSniffer - INFO - Finish sniffing...
2021-04-10 14:52:33,562 - PacketSniffer - INFO - Statistics: IP Packet : 20, TCP Packet : 0, UDP Packet : 20
2021-04-10 14:53:54,904 - PacketSniffer - INFO - ATTENTION PLEASE: Packet Sniffer not started as root. Running sudo...
2021-04-10 14:53:54,973 - PacketSniffer - INFO - Packet Sniffer running as root!
2021-04-10 14:54:20,639 - PacketSniffer - INFO - Finish sniffing...
2021-04-10 14:54:20,639 - PacketSniffer - INFO - Statistics: IP Packet : 20, TCP Packet : 0, UDP Packet : 20
2021-04-10 14:57:47,964 - PacketSniffer - INFO - ATTENTION PLEASE: Packet Sniffer not started as root. Running sudo...
2021-04-10 14:57:48,039 - PacketSniffer - INFO - Packet Sniffer running as root!
2021-04-10 14:57:59,963 - PacketSniffer - INFO - Finish sniffing...
2021-04-10 14:57:59,963 - PacketSniffer - INFO - Statistics: IP Packet : 20, TCP Packet : 20, UDP Packet : 0
2021-04-10 15:05:32,001 - PacketSniffer - INFO - ATTENTION PLEASE: Packet Sniffer not started as root. Running sudo...
2021-04-10 15:05:32,075 - PacketSniffer - INFO - Packet Sniffer running as root!
2021-04-10 15:05:49,169 - PacketSniffer - INFO - Finish sniffing...
2021-04-10 15:05:49,169 - PacketSniffer - INFO - Statistics: IP Packet : 20, TCP Packet : 20, UDP Packet : 0
2021-04-10 15:07:07,199 - PacketSniffer - INFO - ATTENTION PLEASE: Packet Sniffer not started as root. Running sudo...
2021-04-10 15:07:16,509 - PacketSniffer - INFO - ATTENTION PLEASE: Packet Sniffer not started as root. Running sudo...
2021-04-10 15:07:16,578 - PacketSniffer - INFO - Packet Sniffer running as root!
2021-04-10 15:07:23,420 - PacketSniffer - INFO - Finish sniffing...
2021-04-10 15:07:23,420 - PacketSniffer - INFO - Statistics: IP Packet : 20, TCP Packet : 20, UDP Packet : 0
2021-04-10 15:39:34,481 - PacketSniffer - INFO - ATTENTION PLEASE: Packet Sniffer not started as root. Running sudo...
2021-04-10 15:39:36,975 - PacketSniffer - INFO - Packet Sniffer running as root!
2021-04-10 15:39:37,217 - PacketSniffer - INFO - Finish sniffing...
2021-04-10 15:39:37,217 - PacketSniffer - INFO - Statistics: IP Packet : 1, TCP Packet : 1, UDP Packet : 0
2021-04-10 15:40:53,121 - PacketSniffer - INFO - ATTENTION PLEASE: Packet Sniffer not started as root. Running sudo...
2021-04-10 15:41:11,800 - PacketSniffer - INFO - ATTENTION PLEASE: Packet Sniffer not started as root. Running sudo...
2021-04-10 15:41:13,523 - PacketSniffer - INFO - Packet Sniffer running as root!
2021-04-10 15:41:15,524 - PacketSniffer - INFO - Finish sniffing...
2021-04-10 15:41:15,524 - PacketSniffer - INFO - Statistics: IP Packet : 24, TCP Packet : 24, UDP Packet : 0
2021-04-10 15:42:07,002 - PacketSniffer - INFO - ATTENTION PLEASE: Packet Sniffer not started as root. Running sudo...
2021-04-10 15:42:08,367 - PacketSniffer - INFO - Packet Sniffer running as root!
2021-04-10 15:42:10,368 - PacketSniffer - INFO - Finish sniffing...
2021-04-10 15:42:10,368 - PacketSniffer - INFO - Statistics: IP Packet : 19, TCP Packet : 19, UDP Packet : 0
2021-04-10 15:42:23,305 - PacketSniffer - INFO - Packet Sniffer running as root!
2021-04-10 15:42:25,304 - PacketSniffer - INFO - Finish sniffing...
2021-04-10 15:42:25,305 - PacketSniffer - INFO - Statistics: IP Packet : 13, TCP Packet : 13, UDP Packet : 0
2021-04-10 15:42:40,119 - PacketSniffer - INFO - Packet Sniffer running as root!
2021-04-10 15:42:45,123 - PacketSniffer - INFO - Finish sniffing...
2021-04-10 15:42:45,123 - PacketSniffer - INFO - Statistics: IP Packet : 31, TCP Packet : 31, UDP Packet : 0
2021-04-10 15:46:22,340 - PacketSniffer - INFO - Packet Sniffer running as root!
2021-04-10 15:46:27,340 - PacketSniffer - INFO - Sniffer Interrupted!
2021-04-10 15:46:27,341 - PacketSniffer - INFO - Sniffer finished ...
2021-04-10 15:46:27,341 - PacketSniffer - INFO - Statistics: IP Packet : 15, TCP Packet : 15, UDP Packet : 0
2021-04-10 15:47:34,781 - PacketSniffer - INFO - Packet Sniffer running as root!
2021-04-10 15:47:36,424 - PacketSniffer - INFO - Sniffer finished ...
2021-04-10 15:47:36,424 - PacketSniffer - INFO - Statistics: IP Packet : 0, TCP Packet : 0, UDP Packet : 0
2021-04-10 15:47:53,811 - PacketSniffer - INFO - Packet Sniffer running as root!
2021-04-10 15:47:55,448 - PacketSniffer - INFO - Sniffer Interrupted!
2021-04-10 15:47:55,449 - PacketSniffer - INFO - Sniffer finished ...
2021-04-10 15:47:55,449 - PacketSniffer - INFO - Statistics: IP Packet : 12, TCP Packet : 12, UDP Packet : 0
2021-04-10 15:48:00,548 - PacketSniffer - INFO - Packet Sniffer running as root!
2021-04-10 15:48:02,992 - PacketSniffer - INFO - Sniffer finished ...
2021-04-10 15:48:02,992 - PacketSniffer - INFO - Statistics: IP Packet : 0, TCP Packet : 0, UDP Packet : 0
2021-04-10 15:48:12,209 - PacketSniffer - INFO - Packet Sniffer running as root!
2021-04-10 15:48:17,212 - PacketSniffer - INFO - Sniffer finished ...
2021-04-10 15:48:17,213 - PacketSniffer - INFO - Statistics: IP Packet : 0, TCP Packet : 0, UDP Packet : 0
2021-04-10 15:48:59,330 - PacketSniffer - INFO - Packet Sniffer running as root!
2021-04-10 15:49:02,246 - PacketSniffer - INFO - Sniffer Interrupted!
2021-04-10 15:49:02,246 - PacketSniffer - INFO - Sniffer finished ...
2021-04-10 15:49:02,247 - PacketSniffer - INFO - Statistics: IP Packet : 11, TCP Packet : 11, UDP Packet : 0
2021-04-10 16:04:49,289 - PacketSniffer - INFO - ATTENTION PLEASE: Packet Sniffer not started as root. Running sudo...
2021-04-10 16:04:53,379 - PacketSniffer - INFO - Packet Sniffer running as root!
2021-04-10 16:05:00,698 - PacketSniffer - INFO - Sniffer finished ...
2021-04-10 16:05:00,698 - PacketSniffer - INFO - Statistics: IP Packet : 100, TCP Packet : 100, UDP Packet : 0
2021-04-10 16:05:18,019 - PacketSniffer - INFO - ATTENTION PLEASE: Packet Sniffer not started as root. Running sudo...
2021-04-10 16:05:20,116 - PacketSniffer - INFO - Packet Sniffer running as root!
2021-04-10 16:05:25,023 - PacketSniffer - INFO - Sniffer finished ...
2021-04-10 16:05:25,023 - PacketSniffer - INFO - Statistics: IP Packet : 100, TCP Packet : 100, UDP Packet : 0
2021-04-10 16:06:08,963 - PacketSniffer - INFO - ATTENTION PLEASE: Packet Sniffer not started as root. Running sudo...
2021-04-10 16:06:10,935 - PacketSniffer - INFO - Packet Sniffer running as root!
2021-04-10 16:06:19,034 - PacketSniffer - INFO - Sniffer finished ...
2021-04-10 16:06:19,034 - PacketSniffer - INFO - Statistics: IP Packet : 100, TCP Packet : 100, UDP Packet : 0
2021-04-10 16:06:40,619 - PacketSniffer - INFO - ATTENTION PLEASE: Packet Sniffer not started as root. Running sudo...
2021-04-10 16:06:42,952 - PacketSniffer - INFO - Packet Sniffer running as root!
2021-04-10 16:06:53,116 - PacketSniffer - INFO - Sniffer finished ...
2021-04-10 16:06:53,116 - PacketSniffer - INFO - Statistics: IP Packet : 100, TCP Packet : 100, UDP Packet : 0
2021-04-10 16:07:02,768 - PacketSniffer - INFO - ATTENTION PLEASE: Packet Sniffer not started as root. Running sudo...
2021-04-10 16:07:04,391 - PacketSniffer - INFO - Packet Sniffer running as root!
2021-04-10 16:07:07,393 - PacketSniffer - INFO - Sniffer Interrupted!
2021-04-10 16:07:07,393 - PacketSniffer - INFO - Sniffer finished ...
2021-04-10 16:07:07,393 - PacketSniffer - INFO - Statistics: IP Packet : 32, TCP Packet : 32, UDP Packet : 0
2021-04-10 16:10:55,474 - PacketSniffer - INFO - ATTENTION PLEASE: Packet Sniffer not started as root. Running sudo...
2021-04-10 16:10:58,061 - PacketSniffer - INFO - Packet Sniffer running as root!
2021-04-10 16:10:58,329 - PacketSniffer - INFO - Sniffer finished ...
2021-04-10 16:10:58,329 - PacketSniffer - INFO - Statistics: IP Packet : 0, TCP Packet : 0, UDP Packet : 0
2021-04-10 16:11:06,400 - PacketSniffer - INFO - Packet Sniffer running as root!
2021-04-10 16:11:07,762 - PacketSniffer - INFO - Sniffer finished ...
2021-04-10 16:11:07,762 - PacketSniffer - INFO - Statistics: IP Packet : 0, TCP Packet : 0, UDP Packet : 0
2021-04-10 16:13:18,201 - PacketSniffer - INFO - Packet Sniffer running as root!
2021-04-10 16:13:21,202 - PacketSniffer - INFO - Sniffer Interrupted!
2021-04-10 16:13:21,203 - PacketSniffer - INFO - Sniffer finished ...
2021-04-10 16:13:21,203 - PacketSniffer - INFO - Statistics: IP Packet : 1, TCP Packet : 1, UDP Packet : 0
2021-04-10 16:15:58,226 - PacketSniffer - INFO - ATTENTION PLEASE: Packet Sniffer not started as root. Running sudo...
2021-04-10 16:16:00,187 - PacketSniffer - INFO - Packet Sniffer running as root!
2021-04-10 16:16:03,188 - PacketSniffer - INFO - Sniffer Interrupted!
2021-04-10 16:16:03,189 - PacketSniffer - INFO - Sniffer finished ...
2021-04-10 16:16:03,189 - PacketSniffer - INFO - Statistics: IP Packet : 0, TCP Packet : 0, UDP Packet : 0
2021-04-10 16:16:08,607 - PacketSniffer - INFO - Packet Sniffer running as root!
2021-04-10 16:16:11,608 - PacketSniffer - INFO - Sniffer Interrupted!
2021-04-10 16:16:11,609 - PacketSniffer - INFO - Sniffer finished ...
2021-04-10 16:16:11,609 - PacketSniffer - INFO - Statistics: IP Packet : 1, TCP Packet : 0, UDP Packet : 1
2021-04-10 16:16:25,755 - PacketSniffer - INFO - Packet Sniffer running as root!
2021-04-10 16:16:30,758 - PacketSniffer - INFO - Sniffer Interrupted!
2021-04-10 16:16:30,759 - PacketSniffer - INFO - Sniffer finished ...
2021-04-10 16:16:30,759 - PacketSniffer - INFO - Statistics: IP Packet : 1, TCP Packet : 0, UDP Packet : 1
2021-04-10 16:16:43,619 - PacketSniffer - INFO - Packet Sniffer running as root!
2021-04-10 16:16:50,882 - PacketSniffer - INFO - Sniffer finished ...
2021-04-10 16:16:50,883 - PacketSniffer - INFO - Statistics: IP Packet : 100, TCP Packet : 87, UDP Packet : 13
2021-04-10 16:17:08,920 - PacketSniffer - INFO - Packet Sniffer running as root!
2021-04-10 16:17:18,924 - PacketSniffer - INFO - Sniffer Interrupted!
2021-04-10 16:17:18,925 - PacketSniffer - INFO - Sniffer finished ...
2021-04-10 16:17:18,925 - PacketSniffer - INFO - Statistics: IP Packet : 92, TCP Packet : 92, UDP Packet : 0
2021-04-10 16:19:43,913 - PacketSniffer - INFO - Packet Sniffer running as root!
2021-04-10 16:19:53,921 - PacketSniffer - INFO - Sniffer Interrupted!
2021-04-10 16:19:53,922 - PacketSniffer - INFO - Sniffer finished ...
2021-04-10 16:19:53,922 - PacketSniffer - INFO - Statistics: IP Packet : 196, TCP Packet : 195, UDP Packet : 1
2021-04-10 16:25:56,480 - PacketSniffer - INFO - Packet Sniffer running as root!
2021-04-10 16:26:06,484 - PacketSniffer - INFO - Sniffer Interrupted!
2021-04-10 16:26:06,485 - PacketSniffer - INFO - Sniffer finished ...
2021-04-10 16:26:06,485 - PacketSniffer - INFO - Statistics: IP Packet : 36, TCP Packet : 0, UDP Packet : 36
2021-04-10 16:26:56,723 - PacketSniffer - INFO - Packet Sniffer running as root!
2021-04-10 16:27:06,732 - PacketSniffer - INFO - Sniffer Interrupted!
2021-04-10 16:27:06,732 - PacketSniffer - INFO - Sniffer finished ...
2021-04-10 16:27:06,733 - PacketSniffer - INFO - Statistics: IP Packet : 1, TCP Packet : 0, UDP Packet : 1
2021-04-10 16:27:14,099 - PacketSniffer - INFO - Packet Sniffer running as root!
2021-04-10 16:27:24,105 - PacketSniffer - INFO - Sniffer Interrupted!
2021-04-10 16:27:24,105 - PacketSniffer - INFO - Sniffer finished ...
2021-04-10 16:27:24,106 - PacketSniffer - INFO - Statistics: IP Packet : 112, TCP Packet : 0, UDP Packet : 112
